#
# A fatal error has been detected by the Java Runtime Environment:
#
#  EXCEPTION_ACCESS_VIOLATION (0xc0000005) at pc=0x04c52d4a, pid=6048, tid=2512
#
# JRE version: 6.0_14-b08
# Java VM: Java HotSpot(TM) Client VM (14.0-b16 mixed mode, sharing windows-x86 )
# Problematic frame:
# C  [jmam.dll+0x2d4a]
#
# If you would like to submit a bug report, please visit:
#   http://java.sun.com/webapps/bugreport/crash.jsp
# The crash happened outside the Java Virtual Machine in native code.
# See problematic frame for where to report the bug.
#

---------------  T H R E A D  ---------------

Current thread (0x044e6800):  JavaThread "JMF thread: TimedStartThread ( startThread: com.sun.media.amovie.AMController@cc7439 )" [_thread_in_native, id=2512, stack(0x08000000,0x08050000)]

siginfo: ExceptionCode=0xc0000005, reading address 0x00000000

Registers:
EAX=0x00000000, EBX=0x27f30eb0, ECX=0x00000000, EDX=0x0804fb04
ESP=0x0804fafc, EBP=0x0804fb28, ESI=0x24272318, EDI=0x044e6800
EIP=0x04c52d4a, EFLAGS=0x00010246

Top of Stack: (sp=0x0804fafc)
0x0804fafc:   00000000 0804fb04 0804fb40 00000000
0x0804fb0c:   022e7f43 05943664 00000000 24272318
0x0804fb1c:   00000001 75d5903b 08172ee8 0804fb58
0x0804fb2c:   022e8168 080ff858 00000000 00001008
0x0804fb3c:   0804fb58 24272388 0804fb44 27f1db18
0x0804fb4c:   0804fb6c 27f21940 00000000 0804fb90
0x0804fb5c:   0218335f 0804fb6c 27f31950 0218335f
0x0804fb6c:   24272388 0804fb70 27ee47ef 0804fb98 

Instructions: (pc=0x04c52d4a)
0x04c52d3a:   50 8b 08 ff 51 24 8d 54 24 00 8b 44 24 10 52 50
0x04c52d4a:   8b 08 ff 51 0c 8b 44 24 10 50 8b 08 ff 51 08 8b 


Stack: [0x08000000,0x08050000],  sp=0x0804fafc,  free space=318k
Native frames: (J=compiled Java code, j=interpreted, Vv=VM code, C=native code)
C  [jmam.dll+0x2d4a]
J  com.sun.media.amovie.AMController$AMTimeBase.getNanoseconds()J
j  com.sun.media.TimedStartThread.getTime()J+7
j  com.sun.media.TimedActionThread.run()V+4
v  ~StubRoutines::call_stub
V  [jvm.dll+0xecabc]
V  [jvm.dll+0x173d61]
V  [jvm.dll+0xecc87]
V  [jvm.dll+0xeccfd]
V  [jvm.dll+0x115d60]
V  [jvm.dll+0x1cfd44]
V  [jvm.dll+0x1739dc]
C  [msvcr71.dll+0x9565]
C  [kernel32.dll+0x4d0e9]
C  [ntdll.dll+0x419bb]
C  [ntdll.dll+0x4198e]

Java frames: (J=compiled Java code, j=interpreted, Vv=VM code)
J  com.sun.media.amovie.ActiveMovie.getTime()J
J  com.sun.media.amovie.AMController$AMTimeBase.getNanoseconds()J
j  com.sun.media.TimedStartThread.getTime()J+7
j  com.sun.media.TimedActionThread.run()V+4
v  ~StubRoutines::call_stub

---------------  P R O C E S S  ---------------

Java Threads: ( => current thread )
  0x044e7c00 JavaThread "Thread-7" [_thread_blocked, id=6704, stack(0x09f00000,0x09f50000)]
=>0x044e6800 JavaThread "JMF thread: TimedStartThread ( startThread: com.sun.media.amovie.AMController@cc7439 )" [_thread_in_native, id=2512, stack(0x08000000,0x08050000)]
  0x044e7400 JavaThread "Thread-5" [_thread_blocked, id=6264, stack(0x0b1f0000,0x0b240000)]
  0x044e6c00 JavaThread "JMF AMController Event Thread: Loop thread" [_thread_blocked, id=3868, stack(0x0b050000,0x0b0a0000)]
  0x044e6000 JavaThread "Loop thread" [_thread_blocked, id=7092, stack(0x08110000,0x08160000)]
  0x04411c00 JavaThread "JMF thread: SendEventQueue: com.sun.media.amovie.AMController" [_thread_blocked, id=6280, stack(0x05280000,0x052d0000)]
  0x083ce400 JavaThread "JMF thread: SendEventQueue: com.sun.media.content.audio.mpeg.Handler" [_thread_blocked, id=5548, stack(0x05160000,0x051b0000)]
  0x083d6000 JavaThread "D3D Screen Updater" daemon [_thread_blocked, id=7548, stack(0x04c80000,0x04cd0000)]
  0x044c4000 JavaThread "TimerQueue" daemon [_thread_blocked, id=8188, stack(0x08080000,0x080d0000)]
  0x04436000 JavaThread "Swing-Shell" daemon [_thread_blocked, id=8124, stack(0x058e0000,0x05930000)]
  0x002b9800 JavaThread "DestroyJavaVM" [_thread_blocked, id=8088, stack(0x00b30000,0x00b80000)]
  0x043ed400 JavaThread "AWT-EventQueue-0" [_thread_in_native, id=7712, stack(0x04be0000,0x04c30000)]
  0x043ecc00 JavaThread "AWT-Windows" daemon [_thread_in_native, id=7884, stack(0x04b90000,0x04be0000)]
  0x043ec800 JavaThread "AWT-Shutdown" [_thread_blocked, id=7880, stack(0x04730000,0x04780000)]
  0x043ea000 JavaThread "Java2D Disposer" daemon [_thread_blocked, id=8100, stack(0x046e0000,0x04730000)]
  0x02044800 JavaThread "Low Memory Detector" daemon [_thread_blocked, id=8104, stack(0x04310000,0x04360000)]
  0x02041000 JavaThread "CompilerThread0" daemon [_thread_blocked, id=8116, stack(0x042c0000,0x04310000)]
  0x02040800 JavaThread "Attach Listener" daemon [_thread_blocked, id=8108, stack(0x04270000,0x042c0000)]
  0x02035c00 JavaThread "Signal Dispatcher" daemon [_thread_blocked, id=8112, stack(0x04220000,0x04270000)]
  0x01ff8000 JavaThread "Finalizer" daemon [_thread_blocked, id=8068, stack(0x041d0000,0x04220000)]
  0x01ff3400 JavaThread "Reference Handler" daemon [_thread_blocked, id=8064, stack(0x04180000,0x041d0000)]

Other Threads:
  0x01ff1c00 VMThread [stack: 0x020f0000,0x02140000] [id=8072]
  0x0205f000 WatcherThread [stack: 0x04360000,0x043b0000] [id=8096]

VM state:not at safepoint (normal execution)

VM Mutex/Monitor currently owned by a thread: None

Heap
 def new generation   total 960K, used 436K [0x23b50000, 0x23c50000, 0x24030000)
  eden space 896K,  45% used [0x23b50000, 0x23bb5180, 0x23c30000)
  from space 64K,  50% used [0x23c30000, 0x23c38138, 0x23c40000)
  to   space 64K,   0% used [0x23c40000, 0x23c40000, 0x23c50000)
 tenured generation   total 4652K, used 4541K [0x24030000, 0x244bb000, 0x27b50000)
   the space 4652K,  97% used [0x24030000, 0x2449f548, 0x2449f600, 0x244bb000)
 compacting perm gen  total 12288K, used 4041K [0x27b50000, 0x28750000, 0x2bb50000)
   the space 12288K,  32% used [0x27b50000, 0x27f42750, 0x27f42800, 0x28750000)
    ro space 8192K,  67% used [0x2bb50000, 0x2c0b8d98, 0x2c0b8e00, 0x2c350000)
    rw space 12288K,  54% used [0x2c350000, 0x2c9cd0f0, 0x2c9cd200, 0x2cf50000)

Dynamic libraries:
0x00400000 - 0x00424000 	C:\Program Files\Java\jdk1.6.0_14\jre\bin\java.exe
0x77650000 - 0x77777000 	C:\Windows\system32\ntdll.dll
0x75d10000 - 0x75dec000 	C:\Windows\system32\kernel32.dll
0x76640000 - 0x76706000 	C:\Windows\system32\ADVAPI32.dll
0x75e40000 - 0x75f03000 	C:\Windows\system32\RPCRT4.dll
0x7c340000 - 0x7c396000 	C:\Program Files\Java\jdk1.6.0_14\jre\bin\msvcr71.dll
0x6d8b0000 - 0x6db3b000 	C:\Program Files\Java\jdk1.6.0_14\jre\bin\client\jvm.dll
0x765a0000 - 0x7663d000 	C:\Windows\system32\USER32.dll
0x75df0000 - 0x75e3b000 	C:\Windows\system32\GDI32.dll
0x74210000 - 0x74242000 	C:\Windows\system32\WINMM.dll
0x77220000 - 0x772ca000 	C:\Windows\system32\msvcrt.dll
0x76170000 - 0x762b5000 	C:\Windows\system32\ole32.dll
0x762c0000 - 0x7634d000 	C:\Windows\system32\OLEAUT32.dll
0x741d0000 - 0x7420d000 	C:\Windows\system32\OLEACC.dll
0x77890000 - 0x778ae000 	C:\Windows\system32\IMM32.DLL
0x760a0000 - 0x76168000 	C:\Windows\system32\MSCTF.dll
0x75b30000 - 0x75b5c000 	C:\Windows\system32\apphelp.dll
0x77780000 - 0x77789000 	C:\Windows\system32\LPK.DLL
0x76350000 - 0x763cd000 	C:\Windows\system32\USP10.dll
0x6c1b0000 - 0x6c1b5000 	C:\Windows\system32\avgrsstx.dll
0x6d860000 - 0x6d86c000 	C:\Program Files\Java\jdk1.6.0_14\jre\bin\verify.dll
0x6d3e0000 - 0x6d3ff000 	C:\Program Files\Java\jdk1.6.0_14\jre\bin\java.dll
0x6d340000 - 0x6d348000 	C:\Program Files\Java\jdk1.6.0_14\jre\bin\hpi.dll
0x75c60000 - 0x75c67000 	C:\Windows\system32\PSAPI.DLL
0x6d8a0000 - 0x6d8af000 	C:\Program Files\Java\jdk1.6.0_14\jre\bin\zip.dll
0x6d0b0000 - 0x6d1fa000 	C:\Program Files\Java\jdk1.6.0_14\jre\bin\awt.dll
0x73d00000 - 0x73d42000 	C:\Windows\system32\WINSPOOL.DRV
0x749a0000 - 0x74b3e000 	C:\Windows\WinSxS\x86_microsoft.windows.common-controls_6595b64144ccf1df_6.0.6002.18005_none_5cb72f96088b0de0\comctl32.dll
0x76540000 - 0x76599000 	C:\Windows\system32\SHLWAPI.dll
0x73de0000 - 0x73dec000 	C:\Windows\system32\DWMAPI.DLL
0x74ca0000 - 0x74cdf000 	C:\Windows\system32\uxtheme.dll
0x76710000 - 0x77220000 	C:\Windows\system32\shell32.dll
0x6d2e0000 - 0x6d334000 	C:\Program Files\Java\jdk1.6.0_14\jre\bin\fontmanager.dll
0x6d6c0000 - 0x6d6d3000 	C:\Program Files\Java\jdk1.6.0_14\jre\bin\net.dll
0x77790000 - 0x777bd000 	C:\Windows\system32\WS2_32.dll
0x777c0000 - 0x777c6000 	C:\Windows\system32\NSI.dll
0x75120000 - 0x7515b000 	C:\Windows\system32\mswsock.dll
0x753b0000 - 0x753b5000 	C:\Windows\System32\wship6.dll
0x6d6e0000 - 0x6d6e9000 	C:\Program Files\Java\jdk1.6.0_14\jre\bin\nio.dll
0x72d20000 - 0x72eda000 	C:\Windows\system32\d3d9.dll
0x753c0000 - 0x753c8000 	C:\Windows\system32\VERSION.dll
0x73a20000 - 0x73a26000 	C:\Windows\system32\d3d8thk.dll
0x72960000 - 0x72d12000 	C:\Windows\system32\atiumdag.dll
0x72400000 - 0x7284f000 	C:\Windows\system32\atiumdva.dll
0x772d0000 - 0x7745a000 	C:\Windows\system32\SETUPAPI.dll
0x75bb0000 - 0x75bce000 	C:\Windows\system32\USERENV.dll
0x75b90000 - 0x75ba4000 	C:\Windows\system32\Secur32.dll
0x73ed0000 - 0x73f8b000 	C:\Windows\system32\PROPSYS.dll
0x777d0000 - 0x77854000 	C:\Windows\system32\CLBCatQ.DLL
0x64380000 - 0x645a3000 	C:\Windows\system32\NetworkExplorer.dll
0x72850000 - 0x72958000 	C:\Windows\System32\shdocvw.dll
0x73bb0000 - 0x73ca4000 	C:\Windows\system32\WindowsCodecs.dll
0x73a00000 - 0x73a1f000 	C:\Windows\system32\EhStorShell.dll
0x72050000 - 0x7226d000 	C:\Program Files\Microsoft Office\Office12\GrooveShellExtensions.dll
0x71f50000 - 0x72041000 	C:\Program Files\Microsoft Office\Office12\GrooveUtil.DLL
0x76450000 - 0x76536000 	C:\Windows\system32\WININET.dll
0x75d00000 - 0x75d03000 	C:\Windows\system32\Normaliz.dll
0x75f60000 - 0x76092000 	C:\Windows\system32\urlmon.dll
0x77460000 - 0x77648000 	C:\Windows\system32\iertutil.dll
0x75560000 - 0x75652000 	C:\Windows\system32\CRYPT32.dll
0x756f0000 - 0x75702000 	C:\Windows\system32\MSASN1.dll
0x75a30000 - 0x75acb000 	C:\Windows\WinSxS\x86_microsoft.vc80.crt_1fc8b3b9a1e18e3b_8.0.50727.4053_none_d08d7da0442a985d\MSVCR80.dll
0x739f0000 - 0x739f7000 	C:\Program Files\Microsoft Office\Office12\GrooveNew.DLL
0x71f30000 - 0x71f4b000 	C:\Windows\WinSxS\x86_microsoft.vc80.atl_1fc8b3b9a1e18e3b_8.0.50727.4053_none_d1c738ec43578ea1\ATL80.DLL
0x74fd0000 - 0x7500b000 	C:\Windows\system32\rsaenh.dll
0x751d0000 - 0x751d5000 	C:\Windows\system32\MSImg32.dll
0x75690000 - 0x756a4000 	C:\Windows\system32\MPR.dll
0x10000000 - 0x10013000 	C:\Program Files\Common Files\Adobe\Adobe Drive CS4\AdobeDriveCS4_NP.dll
0x66db0000 - 0x66dc3000 	C:\Windows\System32\ntlanman.dll
0x75950000 - 0x759c6000 	C:\Windows\System32\NETAPI32.dll
0x68090000 - 0x68098000 	C:\Windows\System32\drprov.dll
0x66090000 - 0x660a2000 	C:\Windows\System32\davclnt.dll
0x6f160000 - 0x6f16b000 	C:\Windows\system32\cscapi.dll
0x60f40000 - 0x611ae000 	C:\Windows\system32\wpdshext.dll
0x74450000 - 0x745fb000 	C:\Windows\WinSxS\x86_microsoft.windows.gdiplus_6595b64144ccf1df_1.0.6002.18005_none_9e50b396ca17ae07\gdiplus.dll
0x6df30000 - 0x6df86000 	C:\Windows\system32\PortableDeviceApi.dll
0x74da0000 - 0x74dcd000 	C:\Windows\system32\WINTRUST.dll
0x77860000 - 0x77889000 	C:\Windows\system32\imagehlp.dll
0x6bd90000 - 0x6bdbb000 	C:\Windows\system32\PortableDeviceTypes.dll
0x708c0000 - 0x708ff000 	C:\Windows\system32\audiodev.dll
0x6f2e0000 - 0x6f52b000 	C:\Windows\system32\WMVCore.DLL
0x6f7f0000 - 0x6f829000 	C:\Windows\system32\WMASF.DLL
0x70c60000 - 0x70c80000 	C:\Windows\System32\EhStorAPI.dll
0x64b80000 - 0x64f23000 	C:\Users\Amninder Singh\AppData\Local\Microsoft\Live Mesh\Bin\WLCShell.dll
0x74e70000 - 0x74e7a000 	C:\Windows\system32\WTSAPI32.dll
0x678e0000 - 0x67904000 	C:\Users\Amninder Singh\AppData\Local\Microsoft\Live Mesh\Bin\sqmapi.dll
0x68930000 - 0x68939000 	C:\Windows\system32\LINKINFO.dll
0x75710000 - 0x75721000 	C:\Windows\system32\SAMLIB.dll
0x080d0000 - 0x08106000 	C:\Windows\system32\btmmhook.dll
0x04c30000 - 0x04c45000 	C:\Windows\System32\jmutil.dll
0x04c50000 - 0x04c5d000 	C:\Windows\System32\jmam.dll
0x6f530000 - 0x6f6a3000 	C:\Windows\system32\quartz.dll
0x6f8e0000 - 0x6f8f3000 	C:\Windows\system32\DXVA2.DLL
0x70980000 - 0x70993000 	C:\Windows\system32\devenum.dll
0x6f9a0000 - 0x6f9ab000 	C:\Windows\system32\msdmo.dll
0x09850000 - 0x0994b000 	C:\Program Files\K-Lite Codec Pack\Filters\vsfilter.dll
0x763d0000 - 0x76443000 	C:\Windows\system32\COMDLG32.dll
0x09a50000 - 0x09ab9000 	C:\Program Files\K-Lite Codec Pack\Filters\FLVSplitter.ax
0x09b50000 - 0x09bd2000 	C:\Program Files\K-Lite Codec Pack\Filters\MP4Splitter.ax
0x09ac0000 - 0x09b21000 	C:\Program Files\K-Lite Codec Pack\Filters\avisplitter.ax
0x1d1c0000 - 0x1d1d2000 	C:\PROGRA~1\COMMON~1\ArcSoft\MPEGEN~1\mpgaudio.ax
0x05130000 - 0x0513f000 	C:\PROGRA~1\COMMON~1\ArcSoft\MPEGEN~1\AdavAudioDec.dll
0x69300000 - 0x69320000 	C:\Program Files\Common Files\Sony Shared\OpenMG\OmgMP4Decoder2.ax
0x63900000 - 0x63935000 	C:\Program Files\Common Files\Sony Shared\OpenMG\OMGUtils.dll
0x7c3a0000 - 0x7c41b000 	C:\Windows\system32\MSVCP71.dll
0x09be0000 - 0x09c4e000 	C:\Program Files\K-Lite Codec Pack\Real\RealMediaSplitter.ax
0x09c50000 - 0x09c96000 	C:\Program Files\Common Files\Nero\DSFilter\NeMP4Splitter.ax
0x0a080000 - 0x0a364000 	C:\Program Files\K-Lite Codec Pack\ffdshow\ffdshow.ax
0x70910000 - 0x70934000 	C:\Windows\system32\DINPUT.dll
0x74c40000 - 0x74c68000 	C:\Windows\System32\MMDevApi.dll
0x09d20000 - 0x09dc6000 	C:\Program Files\K-Lite Codec Pack\Filters\ac3filter.ax
0x09dd0000 - 0x09eaa000 	C:\Program Files\K-Lite Codec Pack\Filters\iconv.dll
0x73b80000 - 0x73baf000 	C:\Windows\system32\wdmaud.drv
0x74b40000 - 0x74b44000 	C:\Windows\system32\ksuser.dll
0x74e60000 - 0x74e67000 	C:\Windows\system32\AVRT.dll
0x73b50000 - 0x73b71000 	C:\Windows\system32\AUDIOSES.DLL
0x73ae0000 - 0x73b46000 	C:\Windows\system32\audioeng.dll
0x73eb0000 - 0x73eb9000 	C:\Windows\system32\msacm32.drv
0x73e30000 - 0x73e44000 	C:\Windows\system32\MSACM32.dll
0x73ea0000 - 0x73ea7000 	C:\Windows\system32\midimap.dll
0x6ecc0000 - 0x6ed30000 	C:\Windows\system32\DSOUND.DLL
0x74f50000 - 0x74f6a000 	C:\Windows\system32\POWRPROF.dll

VM Arguments:
java_command: player.PLAYERApp
Launcher Type: SUN_STANDARD

Environment Variables:
CLASSPATH=.;.;.;.;.;.;C:\PROGRA~1\JMF21~1.1E\lib\sound.jar;C:\PROGRA~1\JMF21~1.1E\lib\jmf.jar;C:\PROGRA~1\JMF21~1.1E\lib;
PATH=C:\Program Files\Common Files\Microsoft Shared\Windows Live;C:\Windows\system32;C:\Windows;C:\Windows\System32\Wbem;c:\Program Files\Microsoft SQL Server\90\Tools\binn\;C:\Program Files\Common Files\Adobe\AGL;c:\Program Files\ATI Technologies\ATI.ACE\Core-Static;C:\Program Files\Common Files\Roxio Shared\10.0\DLLShared\;C:\Program Files\Common Files\Roxio Shared\DLLShared\;C:\Program Files\Common Files\Roxio Shared\DLLShared\;C:\Program Files\Common Files\Roxio Shared\10.0\DLLShared\;C:\Program Files\Intel\WiFi\bin\;C:\j2sdk1.4.2_08\bin;C:\Program Files\QuickTime\QTSystem\;C:\Program Files\JMF2.1.1e\bin;C:\Java_ME_platform_SDK_3.0\bin;C:\Program Files\JMF2.1.1e\bin;C:\j2sdk1.4.2_08\bin;C:\Java_ME_platform_SDK_3.0\bin;C:\Program Files\Java\jre1.6.0_06\bin;C:\Program Files\Java\jdk1.6.0_14\bin;C:\Program Files\Java\jdk1.6.0_10\bin;C:\Program Files\Java\j2re1.4.2_08;;C:\Program Files\Common Files\DivX Shared\;C:\Program Files\JMF2.1.1e\bin;;C:\Program Files\VoiceAge\Common;C:\Program Files\Common Files\Microsoft Shared\Windows Live;C:\Program Files\JMF2.1.1e\bin;
USERNAME=Amninder Singh
OS=Windows_NT
PROCESSOR_IDENTIFIER=x86 Family 6 Model 23 Stepping 6, GenuineIntel



---------------  S Y S T E M  ---------------

OS: Windows Vista Build 6002 Service Pack 2

CPU:total 2 (2 cores per cpu, 1 threads per core) family 6 model 23 stepping 6, cmov, cx8, fxsr, mmx, sse, sse2, sse3, ssse3, sse4.1

Memory: 4k page, physical 2097151k(1471032k free), swap 4194303k(4194303k free)

vm_info: Java HotSpot(TM) Client VM (14.0-b16) for windows-x86 JRE (1.6.0_14-b08), built on May 21 2009 08:03:56 by "java_re" with MS VC++ 7.1

time: Thu Jan 21 11:03:48 2010
elapsed time: 25 seconds

