#
# A fatal error has been detected by the Java Runtime Environment:
#
#  EXCEPTION_ACCESS_VIOLATION (0xc0000005) at pc=0x7744e13d, pid=2540, tid=8480
#
# JRE version: 6.0_14-b08
# Java VM: Java HotSpot(TM) Client VM (14.0-b16 mixed mode, sharing windows-x86 )
# Problematic frame:
# C  [ntdll.dll+0x3e13d]
#
# If you would like to submit a bug report, please visit:
#   http://java.sun.com/webapps/bugreport/crash.jsp
# The crash happened outside the Java Virtual Machine in native code.
# See problematic frame for where to report the bug.
#

---------------  T H R E A D  ---------------

Current thread (0x077bbc00):  JavaThread "JMF thread: TimedStartThread ( startThread: com.sun.media.amovie.AMController@e29820 )" [_thread_in_native, id=8480, stack(0x08e40000,0x08e90000)]

siginfo: ExceptionCode=0xc0000005, writing address 0x00000014

Registers:
EAX=0x00000000, EBX=0xfffffffc, ECX=0x00000000, EDX=0x00000004
ESP=0x08e8f92c, EBP=0x08e8f97c, ESI=0x04bd3b60, EDI=0x04bd3b64
EIP=0x7744e13d, EFLAGS=0x00010213

Top of Stack: (sp=0x08e8f92c)
0x08e8f92c:   04bd3b60 04bd3b64 04be38c4 70a70baf
0x08e8f93c:   00000001 77458af0 75c80e20 997acda7
0x08e8f94c:   00000001 00000000 08e8f91c 08e8f924
0x08e8f95c:   08e8f92c e436ebb1 11ce524f 00000000
0x08e8f96c:   00000000 00000000 7ff99000 000006e8
0x08e8f97c:   08e8f9a4 7744e04d 00000000 00000000
0x08e8f98c:   04be38c4 04bd3778 08e8f9c8 00000004
0x08e8f99c:   00000000 00000001 08e8f9b4 6f6f8fc7 

Instructions: (pc=0x7744e13d)
0x7744e12d:   ff 33 c0 89 45 0c 89 45 08 8b 06 83 f8 ff 74 04
0x7744e13d:   83 40 14 01 8b 5d f4 8b 7d f0 90 80 3d 82 03 fe 


Stack: [0x08e40000,0x08e90000],  sp=0x08e8f92c,  free space=318k
Native frames: (J=compiled Java code, j=interpreted, Vv=VM code, C=native code)
C  [ntdll.dll+0x3e13d]
C  [ntdll.dll+0x3e04d]
C  [quartz.dll+0x8fc7]
C  [quartz.dll+0xf43e]
C  [quartz.dll+0xf5b2]
C  [quartz.dll+0xfd1b]
C  [quartz.dll+0xfc93]
C  [quartz.dll+0x204fa]
C  [quartz.dll+0x14241]
C  [quartz.dll+0x18f7e]
C  [quartz.dll+0x1d206]
C  [quartz.dll+0x1d153]
C  [jmam.dll+0x27f1]
j  com.sun.media.amovie.AMController.doStart()V+212
j  com.sun.media.TimedStartThread.action()V+4
j  com.sun.media.TimedActionThread.run()V+94
v  ~StubRoutines::call_stub
V  [jvm.dll+0xecabc]
V  [jvm.dll+0x173d61]
V  [jvm.dll+0xecc87]
V  [jvm.dll+0xeccfd]
V  [jvm.dll+0x115d60]
V  [jvm.dll+0x1cfd44]
V  [jvm.dll+0x1739dc]
C  [msvcr71.dll+0x9565]
C  [kernel32.dll+0x4d0e9]
C  [ntdll.dll+0x419bb]
C  [ntdll.dll+0x4198e]

Java frames: (J=compiled Java code, j=interpreted, Vv=VM code)
j  com.sun.media.amovie.ActiveMovie.amRun()V+0
j  com.sun.media.amovie.AMController.doStart()V+212
j  com.sun.media.TimedStartThread.action()V+4
j  com.sun.media.TimedActionThread.run()V+94
v  ~StubRoutines::call_stub

---------------  P R O C E S S  ---------------

Java Threads: ( => current thread )
  0x077bcc00 JavaThread "JMF AMController Event Thread: Loop thread" [_thread_blocked, id=8952, stack(0x05e60000,0x05eb0000)]
=>0x077bbc00 JavaThread "JMF thread: TimedStartThread ( startThread: com.sun.media.amovie.AMController@e29820 )" [_thread_in_native, id=8480, stack(0x08e40000,0x08e90000)]
  0x077bc800 JavaThread "SwingWorker-pool-4-thread-10" [_thread_blocked, id=7484, stack(0x08d20000,0x08d70000)]
  0x077ba400 JavaThread "Loop thread" [_thread_blocked, id=488, stack(0x08e90000,0x08ee0000)]
  0x077b9400 JavaThread "JMF thread: SendEventQueue: com.sun.media.amovie.AMController" [_thread_blocked, id=10040, stack(0x08df0000,0x08e40000)]
  0x077b9000 JavaThread "JMF thread: SendEventQueue: com.sun.media.content.audio.mpeg.Handler" [_thread_in_native, id=1812, stack(0x08c80000,0x08cd0000)]
  0x077a7c00 JavaThread "Swing-Shell" daemon [_thread_blocked, id=5416, stack(0x04f50000,0x04fa0000)]
  0x07798c00 JavaThread "TimerQueue" daemon [_thread_blocked, id=10016, stack(0x05390000,0x053e0000)]
  0x0778f000 JavaThread "D3D Screen Updater" daemon [_thread_blocked, id=9864, stack(0x04fa0000,0x04ff0000)]
  0x000b9800 JavaThread "DestroyJavaVM" [_thread_blocked, id=300, stack(0x008b0000,0x00900000)]
  0x048a9000 JavaThread "AWT-EventQueue-0" [_thread_blocked, id=9964, stack(0x04cc0000,0x04d10000)]
  0x0154f800 JavaThread "AWT-Windows" daemon [_thread_in_native, id=5348, stack(0x04b70000,0x04bc0000)]
  0x0154f000 JavaThread "AWT-Shutdown" [_thread_blocked, id=8964, stack(0x04b20000,0x04b70000)]
  0x0154cc00 JavaThread "Java2D Disposer" daemon [_thread_blocked, id=7400, stack(0x043d0000,0x04420000)]
  0x014d8c00 JavaThread "Low Memory Detector" daemon [_thread_blocked, id=10224, stack(0x04330000,0x04380000)]
  0x014d3000 JavaThread "CompilerThread0" daemon [_thread_blocked, id=5680, stack(0x042e0000,0x04330000)]
  0x014d2800 JavaThread "Attach Listener" daemon [_thread_blocked, id=8868, stack(0x04290000,0x042e0000)]
  0x014c7c00 JavaThread "Signal Dispatcher" daemon [_thread_blocked, id=5152, stack(0x04240000,0x04290000)]
  0x01487c00 JavaThread "Finalizer" daemon [_thread_blocked, id=7436, stack(0x015a0000,0x015f0000)]
  0x01483400 JavaThread "Reference Handler" daemon [_thread_blocked, id=7220, stack(0x01550000,0x015a0000)]

Other Threads:
  0x01481c00 VMThread [stack: 0x00c50000,0x00ca0000] [id=8760]
  0x014e2000 WatcherThread [stack: 0x04380000,0x043d0000] [id=8220]

VM state:not at safepoint (normal execution)

VM Mutex/Monitor currently owned by a thread: None

Heap
 def new generation   total 960K, used 416K [0x23b50000, 0x23c50000, 0x24030000)
  eden space 896K,  44% used [0x23b50000, 0x23bb4740, 0x23c30000)
  from space 64K,  22% used [0x23c40000, 0x23c43ad0, 0x23c50000)
  to   space 64K,   0% used [0x23c30000, 0x23c30000, 0x23c40000)
 tenured generation   total 4096K, used 3230K [0x24030000, 0x24430000, 0x27b50000)
   the space 4096K,  78% used [0x24030000, 0x24357938, 0x24357a00, 0x24430000)
 compacting perm gen  total 12288K, used 4006K [0x27b50000, 0x28750000, 0x2bb50000)
   the space 12288K,  32% used [0x27b50000, 0x27f39bc0, 0x27f39c00, 0x28750000)
    ro space 8192K,  67% used [0x2bb50000, 0x2c0b8d98, 0x2c0b8e00, 0x2c350000)
    rw space 12288K,  54% used [0x2c350000, 0x2c9cd0f0, 0x2c9cd200, 0x2cf50000)

Dynamic libraries:
0x00400000 - 0x00424000 	C:\Program Files\Java\jdk1.6.0_14\jre\bin\java.exe
0x77410000 - 0x77537000 	C:\Windows\system32\ntdll.dll
0x75f30000 - 0x7600c000 	C:\Windows\system32\kernel32.dll
0x76360000 - 0x76426000 	C:\Windows\system32\ADVAPI32.dll
0x75de0000 - 0x75ea3000 	C:\Windows\system32\RPCRT4.dll
0x7c340000 - 0x7c396000 	C:\Program Files\Java\jdk1.6.0_14\jre\bin\msvcr71.dll
0x6d8b0000 - 0x6db3b000 	C:\Program Files\Java\jdk1.6.0_14\jre\bin\client\jvm.dll
0x75ab0000 - 0x75b4d000 	C:\Windows\system32\USER32.dll
0x76570000 - 0x765bb000 	C:\Windows\system32\GDI32.dll
0x74140000 - 0x74172000 	C:\Windows\system32\WINMM.dll
0x75d30000 - 0x75dda000 	C:\Windows\system32\msvcrt.dll
0x75b50000 - 0x75c95000 	C:\Windows\system32\ole32.dll
0x76430000 - 0x764bd000 	C:\Windows\system32\OLEAUT32.dll
0x74100000 - 0x7413d000 	C:\Windows\system32\OLEACC.dll
0x77580000 - 0x7759e000 	C:\Windows\system32\IMM32.DLL
0x775a0000 - 0x77668000 	C:\Windows\system32\MSCTF.dll
0x758f0000 - 0x7591c000 	C:\Windows\system32\apphelp.dll
0x77570000 - 0x77579000 	C:\Windows\system32\LPK.DLL
0x75eb0000 - 0x75f2d000 	C:\Windows\system32\USP10.dll
0x6c1b0000 - 0x6c1b5000 	C:\Windows\system32\avgrsstx.dll
0x6d860000 - 0x6d86c000 	C:\Program Files\Java\jdk1.6.0_14\jre\bin\verify.dll
0x6d3e0000 - 0x6d3ff000 	C:\Program Files\Java\jdk1.6.0_14\jre\bin\java.dll
0x6d340000 - 0x6d348000 	C:\Program Files\Java\jdk1.6.0_14\jre\bin\hpi.dll
0x77540000 - 0x77547000 	C:\Windows\system32\PSAPI.DLL
0x6d8a0000 - 0x6d8af000 	C:\Program Files\Java\jdk1.6.0_14\jre\bin\zip.dll
0x6d0b0000 - 0x6d1fa000 	C:\Program Files\Java\jdk1.6.0_14\jre\bin\awt.dll
0x73bc0000 - 0x73c02000 	C:\Windows\system32\WINSPOOL.DRV
0x74710000 - 0x748ae000 	C:\Windows\WinSxS\x86_microsoft.windows.common-controls_6595b64144ccf1df_6.0.6002.18005_none_5cb72f96088b0de0\comctl32.dll
0x766b0000 - 0x76709000 	C:\Windows\system32\SHLWAPI.dll
0x737e0000 - 0x737ec000 	C:\Windows\system32\DWMAPI.DLL
0x746d0000 - 0x7470f000 	C:\Windows\system32\uxtheme.dll
0x66000000 - 0x66016000 	C:\Windows\system32\SonyAIwd.dll
0x71280000 - 0x7135c000 	C:\Windows\system32\dbghelp.dll
0x764f0000 - 0x76563000 	C:\Windows\system32\COMDLG32.dll
0x76710000 - 0x77220000 	C:\Windows\system32\SHELL32.dll
0x6d2e0000 - 0x6d334000 	C:\Program Files\Java\jdk1.6.0_14\jre\bin\fontmanager.dll
0x6d6c0000 - 0x6d6d3000 	C:\Program Files\Java\jdk1.6.0_14\jre\bin\net.dll
0x76010000 - 0x7603d000 	C:\Windows\system32\WS2_32.dll
0x77550000 - 0x77556000 	C:\Windows\system32\NSI.dll
0x750c0000 - 0x750fb000 	C:\Windows\system32\mswsock.dll
0x75120000 - 0x75125000 	C:\Windows\System32\wship6.dll
0x6d6e0000 - 0x6d6e9000 	C:\Program Files\Java\jdk1.6.0_14\jre\bin\nio.dll
0x72b70000 - 0x72d2a000 	C:\Windows\system32\d3d9.dll
0x75130000 - 0x75138000 	C:\Windows\system32\VERSION.dll
0x73770000 - 0x73776000 	C:\Windows\system32\d3d8thk.dll
0x721c0000 - 0x72572000 	C:\Windows\system32\atiumdag.dll
0x71d70000 - 0x721bf000 	C:\Windows\system32\atiumdva.dll
0x6d500000 - 0x6d524000 	C:\Program Files\Java\jdk1.6.0_14\jre\bin\jpeg.dll
0x10000000 - 0x10036000 	C:\Windows\system32\btmmhook.dll
0x75ca0000 - 0x75d24000 	C:\Windows\system32\CLBCatQ.DLL
0x76090000 - 0x7621a000 	C:\Windows\system32\SETUPAPI.dll
0x75970000 - 0x7598e000 	C:\Windows\system32\USERENV.dll
0x75950000 - 0x75964000 	C:\Windows\system32\Secur32.dll
0x73d30000 - 0x73deb000 	C:\Windows\system32\PROPSYS.dll
0x5cd30000 - 0x5cf53000 	C:\Windows\system32\NetworkExplorer.dll
0x72a60000 - 0x72b68000 	C:\Windows\System32\shdocvw.dll
0x73590000 - 0x73684000 	C:\Windows\system32\WindowsCodecs.dll
0x73750000 - 0x7376f000 	C:\Windows\system32\EhStorShell.dll
0x726f0000 - 0x7290d000 	C:\Program Files\Microsoft Office\Office12\GrooveShellExtensions.dll
0x725f0000 - 0x726e1000 	C:\Program Files\Microsoft Office\Office12\GrooveUtil.DLL
0x765c0000 - 0x766a6000 	C:\Windows\system32\WININET.dll
0x77560000 - 0x77563000 	C:\Windows\system32\Normaliz.dll
0x76220000 - 0x76352000 	C:\Windows\system32\urlmon.dll
0x77220000 - 0x77408000 	C:\Windows\system32\iertutil.dll
0x75350000 - 0x75442000 	C:\Windows\system32\CRYPT32.dll
0x754b0000 - 0x754c2000 	C:\Windows\system32\MSASN1.dll
0x757f0000 - 0x7588b000 	C:\Windows\WinSxS\x86_microsoft.vc80.crt_1fc8b3b9a1e18e3b_8.0.50727.4053_none_d08d7da0442a985d\MSVCR80.dll
0x73740000 - 0x73747000 	C:\Program Files\Microsoft Office\Office12\GrooveNew.DLL
0x71d50000 - 0x71d6b000 	C:\Windows\WinSxS\x86_microsoft.vc80.atl_1fc8b3b9a1e18e3b_8.0.50727.4053_none_d1c738ec43578ea1\ATL80.DLL
0x74db0000 - 0x74deb000 	C:\Windows\system32\rsaenh.dll
0x74f00000 - 0x74f05000 	C:\Windows\system32\MSImg32.dll
0x75450000 - 0x75464000 	C:\Windows\system32\MPR.dll
0x07b30000 - 0x07b43000 	C:\Program Files\Common Files\Adobe\Adobe Drive CS4\AdobeDriveCS4_NP.dll
0x66270000 - 0x66283000 	C:\Windows\System32\ntlanman.dll
0x75720000 - 0x75796000 	C:\Windows\System32\NETAPI32.dll
0x749d0000 - 0x749d8000 	C:\Windows\System32\drprov.dll
0x66250000 - 0x66262000 	C:\Windows\System32\davclnt.dll
0x6e0e0000 - 0x6e0eb000 	C:\Windows\system32\cscapi.dll
0x5cf60000 - 0x5d1ce000 	C:\Windows\system32\wpdshext.dll
0x74370000 - 0x7451b000 	C:\Windows\WinSxS\x86_microsoft.windows.gdiplus_6595b64144ccf1df_1.0.6002.18005_none_9e50b396ca17ae07\gdiplus.dll
0x6e080000 - 0x6e0d6000 	C:\Windows\system32\PortableDeviceApi.dll
0x74b60000 - 0x74b8d000 	C:\Windows\system32\WINTRUST.dll
0x764c0000 - 0x764e9000 	C:\Windows\system32\imagehlp.dll
0x6bc70000 - 0x6bc9b000 	C:\Windows\system32\PortableDeviceTypes.dll
0x62280000 - 0x622bf000 	C:\Windows\system32\audiodev.dll
0x6f400000 - 0x6f64b000 	C:\Windows\system32\WMVCore.DLL
0x6f6b0000 - 0x6f6e9000 	C:\Windows\system32\WMASF.DLL
0x66eb0000 - 0x66ed0000 	C:\Windows\System32\EhStorAPI.dll
0x08780000 - 0x08b23000 	C:\Users\Amninder Singh\AppData\Local\Microsoft\Live Mesh\Bin\WLCShell.dll
0x74cf0000 - 0x74cfa000 	C:\Windows\system32\WTSAPI32.dll
0x66b80000 - 0x66ba4000 	C:\Users\Amninder Singh\AppData\Local\Microsoft\Live Mesh\Bin\sqmapi.dll
0x67010000 - 0x67019000 	C:\Windows\system32\LINKINFO.dll
0x754d0000 - 0x754e1000 	C:\Windows\system32\SAMLIB.dll
0x07b50000 - 0x07b65000 	C:\Windows\System32\jmutil.dll
0x05300000 - 0x0530d000 	C:\Windows\System32\jmam.dll
0x6f6f0000 - 0x6f863000 	C:\Windows\system32\quartz.dll
0x6f890000 - 0x6f8a3000 	C:\Windows\system32\DXVA2.DLL
0x645b0000 - 0x645c3000 	C:\Windows\system32\devenum.dll
0x08f80000 - 0x0907b000 	C:\Program Files\K-Lite Codec Pack\Filters\vsfilter.dll
0x091d0000 - 0x09239000 	C:\Program Files\K-Lite Codec Pack\Filters\FLVSplitter.ax
0x092b0000 - 0x09332000 	C:\Program Files\K-Lite Codec Pack\Filters\MP4Splitter.ax
0x09340000 - 0x093a1000 	C:\Program Files\K-Lite Codec Pack\Filters\avisplitter.ax
0x1d1c0000 - 0x1d1d2000 	C:\PROGRA~1\COMMON~1\ArcSoft\MPEGEN~1\mpgaudio.ax
0x083b0000 - 0x083bf000 	C:\PROGRA~1\COMMON~1\ArcSoft\MPEGEN~1\AdavAudioDec.dll
0x69300000 - 0x69320000 	C:\Program Files\Common Files\Sony Shared\OpenMG\OmgMP4Decoder2.ax
0x63900000 - 0x63935000 	C:\Program Files\Common Files\Sony Shared\OpenMG\OMGUtils.dll
0x7c3a0000 - 0x7c41b000 	C:\Windows\system32\MSVCP71.dll
0x093b0000 - 0x0941e000 	C:\Program Files\K-Lite Codec Pack\Real\RealMediaSplitter.ax
0x09250000 - 0x09296000 	C:\Program Files\Common Files\Nero\DSFilter\NeMP4Splitter.ax
0x09520000 - 0x09804000 	C:\Program Files\K-Lite Codec Pack\ffdshow\ffdshow.ax
0x61b40000 - 0x61b64000 	C:\Windows\system32\DINPUT.dll
0x74610000 - 0x74638000 	C:\Windows\System32\MMDevApi.dll
0x09810000 - 0x098b6000 	C:\Program Files\K-Lite Codec Pack\Filters\ac3filter.ax
0x098c0000 - 0x0999a000 	C:\Program Files\K-Lite Codec Pack\Filters\iconv.dll
0x73b90000 - 0x73bbf000 	C:\Windows\system32\wdmaud.drv
0x74520000 - 0x74524000 	C:\Windows\system32\ksuser.dll
0x74c30000 - 0x74c37000 	C:\Windows\system32\AVRT.dll
0x73b60000 - 0x73b81000 	C:\Windows\system32\AUDIOSES.DLL
0x73af0000 - 0x73b56000 	C:\Windows\system32\audioeng.dll
0x73f20000 - 0x73f29000 	C:\Windows\system32\msacm32.drv
0x73d10000 - 0x73d24000 	C:\Windows\system32\MSACM32.dll
0x73ca0000 - 0x73ca7000 	C:\Windows\system32\midimap.dll
0x6ee10000 - 0x6ee80000 	C:\Windows\system32\DSOUND.DLL
0x74d10000 - 0x74d2a000 	C:\Windows\system32\POWRPROF.dll

VM Arguments:
jvm_args: -Dfile.encoding=UTF-8 
java_command: player.PLAYERApp
Launcher Type: SUN_STANDARD

Environment Variables:
CLASSPATH=.;.;.;.;C:\PROGRA~1\JMF21~1.1E\lib\sound.jar;C:\PROGRA~1\JMF21~1.1E\lib\jmf.jar;C:\PROGRA~1\JMF21~1.1E\lib;
PATH=C:\Program Files\Common Files\Microsoft Shared\Windows Live;C:\Windows\system32;C:\Windows;C:\Windows\System32\Wbem;c:\Program Files\Microsoft SQL Server\90\Tools\binn\;C:\Program Files\Common Files\Adobe\AGL;c:\Program Files\ATI Technologies\ATI.ACE\Core-Static;C:\Program Files\Common Files\Roxio Shared\10.0\DLLShared\;C:\Program Files\Common Files\Roxio Shared\DLLShared\;C:\Program Files\Common Files\Roxio Shared\DLLShared\;C:\Program Files\Common Files\Roxio Shared\10.0\DLLShared\;C:\Program Files\Intel\WiFi\bin\;C:\j2sdk1.4.2_08\bin;C:\Program Files\QuickTime\QTSystem\;C:\Program Files\JMF2.1.1e\bin;C:\Java_ME_platform_SDK_3.0\bin;C:\Program Files\JMF2.1.1e\bin;C:\j2sdk1.4.2_08\bin;C:\Java_ME_platform_SDK_3.0\bin;C:\Program Files\Java\jre1.6.0_06\bin;C:\Program Files\Java\jdk1.6.0_14\bin;C:\Program Files\Java\jdk1.6.0_10\bin;C:\Program Files\Java\j2re1.4.2_08;;C:\Program Files\Common Files\DivX Shared\;C:\Program Files\JMF2.1.1e\bin;;C:\Program Files\VoiceAge\Common;C:\Program Files\Common Files\Microsoft Shared\Windows Live;C:\Program Files\JMF2.1.1e\bin;;C:\Program Files\Common Files\Nero\Lib\
USERNAME=Amninder Singh
OS=Windows_NT
PROCESSOR_IDENTIFIER=x86 Family 6 Model 23 Stepping 6, GenuineIntel



---------------  S Y S T E M  ---------------

OS: Windows Vista Build 6002 Service Pack 2

CPU:total 2 (2 cores per cpu, 1 threads per core) family 6 model 23 stepping 6, cmov, cx8, fxsr, mmx, sse, sse2, sse3, ssse3, sse4.1

Memory: 4k page, physical 2097151k(898384k free), swap 4194303k(2903888k free)

vm_info: Java HotSpot(TM) Client VM (14.0-b16) for windows-x86 JRE (1.6.0_14-b08), built on May 21 2009 08:03:56 by "java_re" with MS VC++ 7.1

time: Mon Nov 23 12:05:14 2009
elapsed time: 20 seconds

